# JRE version: OpenJDK Runtime Environment (11.0.13) (build 11.0.13+0-b1751.21-8125866)
# Java VM: OpenJDK 64-Bit Server VM (11.0.13+0-b1751.21-8125866, mixed mode, tiered, compressed oops, g1 gc, windows-amd64)
Heap:
 garbage-first heap   total 225280K, used 132978K [0x0000000080000000, 0x0000000100000000)
  region size 1024K, 11 young (11264K), 2 survivors (2048K)
 Metaspace       used 123182K, capacity 126435K, committed 127056K, reserved 1159168K
  class space    used 15280K, capacity 16552K, committed 16844K, reserved 1048576K
GC Heap History (20 events):
Event: 60.861 GC heap before
{Heap before GC invocations=40 (full 0):
 garbage-first heap   total 225280K, used 143995K [0x0000000080000000, 0x0000000100000000)
  region size 1024K, 11 young (11264K), 7 survivors (7168K)
 Metaspace       used 110438K, capacity 113188K, committed 113360K, reserved 1148928K
  class space    used 13823K, capacity 14864K, committed 14924K, reserved 1048576K
}
Event: 60.882 GC heap after
{Heap after GC invocations=41 (full 0):
 garbage-first heap   total 225280K, used 134881K [0x0000000080000000, 0x0000000100000000)
  region size 1024K, 1 young (1024K), 1 survivors (1024K)
 Metaspace       used 110438K, capacity 113188K, committed 113360K, reserved 1148928K
  class space    used 13823K, capacity 14864K, committed 14924K, reserved 1048576K
}
Event: 62.199 GC heap before
{Heap before GC invocations=41 (full 0):
 garbage-first heap   total 225280K, used 183009K [0x0000000080000000, 0x0000000100000000)
  region size 1024K, 48 young (49152K), 1 survivors (1024K)
 Metaspace       used 115872K, capacity 119112K, committed 119376K, reserved 1153024K
  class space    used 14685K, capacity 15982K, committed 16076K, reserved 1048576K
}
Event: 62.215 GC heap after
{Heap after GC invocations=42 (full 0):
 garbage-first heap   total 225280K, used 137387K [0x0000000080000000, 0x0000000100000000)
  region size 1024K, 4 young (4096K), 4 survivors (4096K)
 Metaspace       used 115872K, capacity 119112K, committed 119376K, reserved 1153024K
  class space    used 14685K, capacity 15982K, committed 16076K, reserved 1048576K
}
Event: 63.545 GC heap before
{Heap before GC invocations=43 (full 0):
 garbage-first heap   total 225280K, used 179371K [0x0000000080000000, 0x0000000100000000)
  region size 1024K, 51 young (52224K), 4 survivors (4096K)
 Metaspace       used 117667K, capacity 120807K, committed 121040K, reserved 1155072K
  class space    used 14795K, capacity 16073K, committed 16204K, reserved 1048576K
}
Event: 63.557 GC heap after
{Heap after GC invocations=44 (full 0):
 garbage-first heap   total 225280K, used 131641K [0x0000000080000000, 0x0000000100000000)
  region size 1024K, 4 young (4096K), 4 survivors (4096K)
 Metaspace       used 117667K, capacity 120807K, committed 121040K, reserved 1155072K
  class space    used 14795K, capacity 16073K, committed 16204K, reserved 1048576K
}
Event: 63.643 GC heap before
{Heap before GC invocations=44 (full 0):
 garbage-first heap   total 225280K, used 138809K [0x0000000080000000, 0x0000000100000000)
  region size 1024K, 11 young (11264K), 4 survivors (4096K)
 Metaspace       used 117875K, capacity 121025K, committed 121296K, reserved 1155072K
  class space    used 14816K, capacity 16123K, committed 16204K, reserved 1048576K
}
Event: 63.658 GC heap after
{Heap after GC invocations=45 (full 0):
 garbage-first heap   total 225280K, used 125010K [0x0000000080000000, 0x0000000100000000)
  region size 1024K, 2 young (2048K), 2 survivors (2048K)
 Metaspace       used 117875K, capacity 121025K, committed 121296K, reserved 1155072K
  class space    used 14816K, capacity 16123K, committed 16204K, reserved 1048576K
}
Event: 64.620 GC heap before
{Heap before GC invocations=45 (full 0):
 garbage-first heap   total 225280K, used 183378K [0x0000000080000000, 0x0000000100000000)
  region size 1024K, 58 young (59392K), 2 survivors (2048K)
 Metaspace       used 118853K, capacity 122128K, committed 122448K, reserved 1155072K
  class space    used 14905K, capacity 16236K, committed 16332K, reserved 1048576K
}
Event: 64.632 GC heap after
{Heap after GC invocations=46 (full 0):
 garbage-first heap   total 225280K, used 126789K [0x0000000080000000, 0x0000000100000000)
  region size 1024K, 3 young (3072K), 3 survivors (3072K)
 Metaspace       used 118853K, capacity 122128K, committed 122448K, reserved 1155072K
  class space    used 14905K, capacity 16236K, committed 16332K, reserved 1048576K
}
Event: 65.276 GC heap before
{Heap before GC invocations=46 (full 0):
 garbage-first heap   total 225280K, used 184133K [0x0000000080000000, 0x0000000100000000)
  region size 1024K, 60 young (61440K), 3 survivors (3072K)
 Metaspace       used 119179K, capacity 122445K, committed 122704K, reserved 1155072K
  class space    used 14925K, capacity 16246K, committed 16332K, reserved 1048576K
}
Event: 65.283 GC heap after
{Heap after GC invocations=47 (full 0):
 garbage-first heap   total 225280K, used 124843K [0x0000000080000000, 0x0000000100000000)
  region size 1024K, 2 young (2048K), 2 survivors (2048K)
 Metaspace       used 119179K, capacity 122445K, committed 122704K, reserved 1155072K
  class space    used 14925K, capacity 16246K, committed 16332K, reserved 1048576K
}
Event: 67.150 GC heap before
{Heap before GC invocations=47 (full 0):
 garbage-first heap   total 225280K, used 187307K [0x0000000080000000, 0x0000000100000000)
  region size 1024K, 63 young (64512K), 2 survivors (2048K)
 Metaspace       used 122062K, capacity 125532K, committed 125776K, reserved 1159168K
  class space    used 15304K, capacity 16718K, committed 16844K, reserved 1048576K
}
Event: 67.158 GC heap after
{Heap after GC invocations=48 (full 0):
 garbage-first heap   total 225280K, used 126100K [0x0000000080000000, 0x0000000100000000)
  region size 1024K, 3 young (3072K), 3 survivors (3072K)
 Metaspace       used 122062K, capacity 125532K, committed 125776K, reserved 1159168K
  class space    used 15304K, capacity 16718K, committed 16844K, reserved 1048576K
}
Event: 67.227 GC heap before
{Heap before GC invocations=48 (full 0):
 garbage-first heap   total 225280K, used 139412K [0x0000000080000000, 0x0000000100000000)
  region size 1024K, 5 young (5120K), 3 survivors (3072K)
 Metaspace       used 122210K, capacity 125600K, committed 125776K, reserved 1159168K
  class space    used 15325K, capacity 16719K, committed 16844K, reserved 1048576K
}
Event: 67.235 GC heap after
{Heap after GC invocations=49 (full 0):
 garbage-first heap   total 225280K, used 134391K [0x0000000080000000, 0x0000000100000000)
  region size 1024K, 3 young (3072K), 3 survivors (3072K)
 Metaspace       used 122210K, capacity 125600K, committed 125776K, reserved 1159168K
  class space    used 15325K, capacity 16719K, committed 16844K, reserved 1048576K
}
Event: 164.372 GC heap before
{Heap before GC invocations=50 (full 0):
 garbage-first heap   total 225280K, used 180471K [0x0000000080000000, 0x0000000100000000)
  region size 1024K, 45 young (46080K), 3 survivors (3072K)
 Metaspace       used 122885K, capacity 126166K, committed 126800K, reserved 1159168K
  class space    used 15273K, capacity 16538K, committed 16844K, reserved 1048576K
}
Event: 164.397 GC heap after
{Heap after GC invocations=51 (full 0):
 garbage-first heap   total 225280K, used 126535K [0x0000000080000000, 0x0000000100000000)
  region size 1024K, 5 young (5120K), 5 survivors (5120K)
 Metaspace       used 122885K, capacity 126166K, committed 126800K, reserved 1159168K
  class space    used 15273K, capacity 16538K, committed 16844K, reserved 1048576K
}
Event: 164.986 GC heap before
{Heap before GC invocations=51 (full 0):
 garbage-first heap   total 225280K, used 132679K [0x0000000080000000, 0x0000000100000000)
  region size 1024K, 11 young (11264K), 5 survivors (5120K)
 Metaspace       used 123101K, capacity 126395K, committed 127056K, reserved 1159168K
  class space    used 15275K, capacity 16542K, committed 16844K, reserved 1048576K
}
Event: 165.019 GC heap after
{Heap after GC invocations=52 (full 0):
 garbage-first heap   total 225280K, used 124786K [0x0000000080000000, 0x0000000100000000)
  region size 1024K, 2 young (2048K), 2 survivors (2048K)
 Metaspace       used 123101K, capacity 126395K, committed 127056K, reserved 1159168K
  class space    used 15275K, capacity 16542K, committed 16844K, reserved 1048576K
}

